Command: fasttree -lg -log log/DsrA.mafft_aligned.fasttree_lg.log intermediate/DsrA.mafft_aligned.faa
FastTree Version 2.1.11 SSE3
Alignment: intermediate/DsrA.mafft_aligned.faa
Amino acid distances: BLOSUM45 Joins: balanced Support: SH-like 1000
Search: Normal +NNI +SPR (2 rounds range 10) +ML-NNI opt-each=1
TopHits: 1.00*sqrtN close=default refresh=0.80
ML Model: Le-Gascuel 2008, CAT approximation with 20 rate categories
Read 5 sequences, 1363 positions
NJ	(sp|Q59109|DSRA_ARCFU:0.18068,sp|P45574|DSVA_DESVH:0.16752,(sp|O33998|DSRA_ALLVD:0.20648,(sp|Q57366|DSTOR_RHOSH:0.30813,sp|P55265|DSRAD_HUMAN:0.33132):0.16647):0.05102);
ME_NNI1	(sp|Q59109|DSRA_ARCFU:0.18068,sp|P45574|DSVA_DESVH:0.16752,(sp|O33998|DSRA_ALLVD:0.20648,(sp|Q57366|DSTOR_RHOSH:0.30813,sp|P55265|DSRAD_HUMAN:0.33132):0.16647):0.05102);
Min_evolution NNIs converged at round 1 -- skipping some rounds
ME_SPR1	(sp|Q59109|DSRA_ARCFU:0.18068,sp|P45574|DSVA_DESVH:0.16752,(sp|O33998|DSRA_ALLVD:0.20648,(sp|Q57366|DSTOR_RHOSH:0.30813,sp|P55265|DSRAD_HUMAN:0.33132):0.16647):0.05102);
ME_NNI4	(sp|Q59109|DSRA_ARCFU:0.18068,sp|P45574|DSVA_DESVH:0.16752,(sp|O33998|DSRA_ALLVD:0.20648,(sp|Q57366|DSTOR_RHOSH:0.30813,sp|P55265|DSRAD_HUMAN:0.33132):0.16647):0.05102);
Min_evolution NNIs converged at round 4 -- skipping some rounds
ME_SPR2	(sp|Q59109|DSRA_ARCFU:0.18068,sp|P45574|DSVA_DESVH:0.16752,(sp|O33998|DSRA_ALLVD:0.20648,(sp|Q57366|DSTOR_RHOSH:0.30813,sp|P55265|DSRAD_HUMAN:0.33132):0.16647):0.05102);
ME_NNI7	(sp|Q59109|DSRA_ARCFU:0.18068,sp|P45574|DSVA_DESVH:0.16752,(sp|O33998|DSRA_ALLVD:0.20648,(sp|Q57366|DSTOR_RHOSH:0.30813,sp|P55265|DSRAD_HUMAN:0.33132):0.16647):0.05102);
Min_evolution NNIs converged at round 7 -- skipping some rounds
ME_Lengths	(sp|Q59109|DSRA_ARCFU:0.29819,sp|P45574|DSVA_DESVH:0.25824,(sp|O33998|DSRA_ALLVD:0.34191,(sp|Q57366|DSTOR_RHOSH:0.59526,sp|P55265|DSRAD_HUMAN:0.73091):0.52381):0.16131);
Total branch-length 2.910 after 0.02 sec
ML_Lengths1	(sp|Q59109|DSRA_ARCFU:0.37879,sp|P45574|DSVA_DESVH:0.31963,(sp|O33998|DSRA_ALLVD:0.42408,(sp|Q57366|DSTOR_RHOSH:0.76062,sp|P55265|DSRAD_HUMAN:1.05992):1.04357):0.29173);
ML_NNI1	(sp|Q59109|DSRA_ARCFU:0.37670,sp|P45574|DSVA_DESVH:0.32226,(sp|O33998|DSRA_ALLVD:0.37531,(sp|Q57366|DSTOR_RHOSH:0.73909,sp|P55265|DSRAD_HUMAN:1.07170):1.04089):0.31275);
TreeLogLk	ML_NNI1	-8365.5414	MaxChange	0.0000
NCategories	20
Rates 0.070144 0.096149 0.131794 0.180653 0.247626 0.339427 0.465261 0.637745 0.874173 1.198252 1.642474 2.251382 3.086026 4.230095 5.798300 7.947878 10.894361 14.933179 20.469292 28.057781
SiteCategories 9 9 7 10 10 10 9 9 10 11 7 9 9 9 9 9 9 9 9 9 9 9 9 8 10 9 7 9 9 9 8 11 8 8 9 9 8 10 10 9 8 8 9 9 9 9 9 9 9 9 9 9 9 9 9 9 9 9 9 9 9 9 10 8 6 9 10 10 11 9 10 10 8 10 10 10 11 10 10 8 8 8 10 10 10 8 10 10 10 10 10 11 10 10 8 10 10 8 10 8 10 9 9 9 9 9 9 9 9 9 9 8 11 11 8 11 10 12 11 12 9 10 9 10 10 10 10 11 11 10 9 11 11 11 9 11 10 9 9 9 8 10 8 11 9 10 10 10 10 8 10 10 10 9 10 10 8 9 7 11 10 7 7 11 10 11 11 11 11 10 9 9 9 9 9 9 9 9 9 9 9 9 9 9 9 8 10 8 8 10 10 9 9 9 9 9 9 9 8 9 10 8 8 10 11 8 10 10 10 10 8 10 10 10 10 10 10 8 9 9 9 9 8 7 10 9 9 9 9 9 9 9 9 9 10 10 10 10 8 10 8 10 8 9 8 10 6 10 10 11 8 9 9 10 8 9 9 9 9 9 9 9 9 9 9 9 9 9 9 10 9 9 9 9 10 10 9 9 10 9 10 9 10 11 9 10 9 9 10 10 8 9 9 10 9 9 9 8 8 11 9 9 9 9 9 9 9 9 9 8 9 8 10 9 9 9 9 10 10 9 9 10 10 10 9 10 11 10 11 11 10 9 10 11 12 10 8 10 10 9 9 10 11 9 9 9 8 11 11 8 9 9 11 11 8 7 10 8 8 9 9 9 9 9 9 9 9 10 9 10 11 9 9 9 9 9 9 11 9 10 9 8 10 11 9 11 11 9 8 10 9 11 8 11 11 10 9 11 11 9 10 10 9 9 9 11 9 7 10 10 11 10 11 7 9 10 8 9 10 9 10 10 8 10 10 8 9 9 9 9 9 9 9 9 9 9 9 9 9 9 9 9 9 9 9 9 9 9 9 9 9 9 9 9 9 8 11 10 9 6 8 12 10 8 10 10 11 10 10 9 9 8 8 10 9 9 7 10 10 9 9 11 9 11 11 10 10 10 9 9 9 9 8 10 10 10 7 10 9 9 9 9 9 10 9 9 10 10 9 8 9 9 9 9 9 9 9 9 9 9 9 9 9 9 9 9 9 9 9 9 9 9 9 9 9 9 9 9 9 9 9 9 9 9 9 9 9 8 10 10 9 8 10 10 11 10 9 10 10 11 9 10 10 8 10 10 10 10 8 10 8 9 9 9 9 12 8 10 10 11 9 9 9 10 9 9 7 9 9 9 9 9 9 9 9 9 9 9 9 9 9 9 9 9 9 9 9 9 9 9 9 9 9 9 9 9 9 9 9 9 9 9 9 9 9 8 10 8 10 12 8 9 9 7 7 8 10 9 11 10 9 9 9 9 9 9 8 11 10 8 9 9 9 9 9 9 9 9 9 9 9 9 9 9 9 9 9 9 9 9 9 9 10 10 8 10 8 8 9 10 8 10 9 10 10 10 9 8 10 9 9 9 9 9 9 9 9 9 9 9 9 9 10 8 8 8 10 9 9 9 9 8 8 10 10 10 10 10 9 10 9 10 10 10 8 8 10 8 9 8 9 9 9 9 10 10 10 10 8 10 11 9 10 10 9 10 9 10 10 9 8 10 10 10 8 9 9 9 9 8 10 10 9 10 10 10 9 9 9 10 8 11 8 10 9 10 10 10 11 11 9 10 10 10 10 9 8 9 10 10 9 10 9 11 10 9 10 10 9 9 9 9 9 11 7 11 10 9 7 9 9 11 11 9 8 9 9 9 9 9 11 8 9 10 9 9 9 9 9 9 9 9 9 9 9 10 10 10 10 8 10 11 8 10 8 7 9 9 9 9 9 9 9 9 9 9 10 8 9 8 9 10 10 11 11 11 8 10 8 10 9 9 9 9 9 9 9 9 9 9 9 9 9 9 9 9 9 9 9 9 9 9 9 9 9 9 8 8 8 9 8 9 9 9 9 8 8 8 11 9 9 9 9 9 9 9 9 8 11 10 7 11 10 9 8 10 10 11 8 8 10 10 8 10 9 9 9 9 9 9 10 8 9 11 9 10 8 9 10 8 10 10 11 8 11 9 11 10 11 11 10 11 8 11 9 9 9 11 11 8 7 10 11 9 8 10 10 9 11 11 11 7 10 9 9 11 10 10 10 10 10 8 8 8 10 9 10 10 9 9 9 9 9 9 9 9 9 9 9 9 9 9 9 9 9 10 9 8 10 9 9 10 9 9 9 9 9 9 9 10 8 10 7 10 8 9 10 10 10 8 10 10 9 11 10 8 8 9 10 10 10 10 10 9 9 9 11 11 9 11 8 10 8 10 10 8 8 10 9 9 6 9 9 9 9 10 9 8 9 9 9 9 9 9 9 9 8 8 10 10 10 10 10 9 10 10 8 10 10 8 9 9 9 9 9 9 9 8 11 9 10 10 10 9 9 10 9 10 10 10 10 8 9 9 11 9 9 9 10 9 10 9 9 9 9 9 9 9 9 9 9 9 9 8 8 10 11 8 9 10 8 8 9 10 9 11 10 10 9 8 9 9 9 9 9 9 9 10 12 8 8 11 10 9 11 11 11 9 8 9 9 9 9 9 9 9 9 9 9 9 9 9 9 9 9 9 9 9 9 9 9 9 9 9 9 9 9 9 9 9 7 10 9 9 9 9 9 9 9 9 9 9 9 9 8 9 10 11 9 10 11 8 9 10 10 10 8 9 9 9 11 11 7 10 9 10 9 9 9 11 9 10 8 10 10 10 7 10 10 9 10 10 9 10 8 8 10 8 9 9 9 9 9 10 11 7 11 10 11 11 10 10 9 11 10 10 11 10 10 10 10 10 10 9 10 9 11 10 9 11 10 10 10 9 9 10 11 10 10 9 10 9 11 11 10 11 8 12 11 10 10 8 9 11 11 9 8 11 10 11 10 10 10 10 8 10 10 8 10 10 10 10 8 10 9 9 9 10 11 9 9 8 9 9 9 9 9 9 9 9 9 9 9
ML_NNI2	(sp|Q59109|DSRA_ARCFU:0.37670,sp|P45574|DSVA_DESVH:0.32226,(sp|O33998|DSRA_ALLVD:0.37531,(sp|Q57366|DSTOR_RHOSH:0.73909,sp|P55265|DSRAD_HUMAN:1.07170):1.13536):0.30774);
TreeLogLk	ML_NNI2	-8106.1949	MaxChange	0.0000
Turning off heuristics for final round of ML NNIs (converged)
ML_NNI3	(sp|Q59109|DSRA_ARCFU:0.36230,sp|P45574|DSVA_DESVH:0.31671,(sp|O33998|DSRA_ALLVD:0.36959,(sp|Q57366|DSTOR_RHOSH:0.72591,sp|P55265|DSRAD_HUMAN:1.09052):1.13650):0.31057);
TreeLogLk	ML_NNI3	-8106.1008	MaxChange	0.0000
ML_Lengths2	(sp|Q59109|DSRA_ARCFU:0.36411,sp|P45574|DSVA_DESVH:0.31565,(sp|O33998|DSRA_ALLVD:0.36902,(sp|Q57366|DSTOR_RHOSH:0.70556,sp|P55265|DSRAD_HUMAN:1.10516):1.13962):0.31460);
TreeLogLk	ML_Lengths2	-8106.0752
Total time: 0.27 seconds Unique: 5/5 Bad splits: 0/2
Dist/N**2: by-profile 12.360 (out 0.480) by-leaf 1.560 avg-prof 5.160
 Hill-climb: 0 Update-best: 3
NNI: 0 SPR: 0 ML-NNI: 0
Max-lk operations: lk 1500 posterior 242 approximate-posteriors 0.00% star-only 2
TreeCompleted
