Command: fasttree -gtr -log log/DsrA.mafft_aligned.fasttree_gtr.log intermediate/DsrA.mafft_aligned.faa
FastTree Version 2.1.11 SSE3
Alignment: intermediate/DsrA.mafft_aligned.faa
Amino acid distances: BLOSUM45 Joins: balanced Support: SH-like 1000
Search: Normal +NNI +SPR (2 rounds range 10) +ML-NNI opt-each=1
TopHits: 1.00*sqrtN close=default refresh=0.80
ML Model: Jones-Taylor-Thorton, CAT approximation with 20 rate categories
Read 5 sequences, 1363 positions
NJ	(sp|Q59109|DSRA_ARCFU:0.18068,sp|P45574|DSVA_DESVH:0.16752,(sp|O33998|DSRA_ALLVD:0.20648,(sp|Q57366|DSTOR_RHOSH:0.30813,sp|P55265|DSRAD_HUMAN:0.33132):0.16647):0.05102);
ME_NNI1	(sp|Q59109|DSRA_ARCFU:0.18068,sp|P45574|DSVA_DESVH:0.16752,(sp|O33998|DSRA_ALLVD:0.20648,(sp|Q57366|DSTOR_RHOSH:0.30813,sp|P55265|DSRAD_HUMAN:0.33132):0.16647):0.05102);
Min_evolution NNIs converged at round 1 -- skipping some rounds
ME_SPR1	(sp|Q59109|DSRA_ARCFU:0.18068,sp|P45574|DSVA_DESVH:0.16752,(sp|O33998|DSRA_ALLVD:0.20648,(sp|Q57366|DSTOR_RHOSH:0.30813,sp|P55265|DSRAD_HUMAN:0.33132):0.16647):0.05102);
ME_NNI4	(sp|Q59109|DSRA_ARCFU:0.18068,sp|P45574|DSVA_DESVH:0.16752,(sp|O33998|DSRA_ALLVD:0.20648,(sp|Q57366|DSTOR_RHOSH:0.30813,sp|P55265|DSRAD_HUMAN:0.33132):0.16647):0.05102);
Min_evolution NNIs converged at round 4 -- skipping some rounds
ME_SPR2	(sp|Q59109|DSRA_ARCFU:0.18068,sp|P45574|DSVA_DESVH:0.16752,(sp|O33998|DSRA_ALLVD:0.20648,(sp|Q57366|DSTOR_RHOSH:0.30813,sp|P55265|DSRAD_HUMAN:0.33132):0.16647):0.05102);
ME_NNI7	(sp|Q59109|DSRA_ARCFU:0.18068,sp|P45574|DSVA_DESVH:0.16752,(sp|O33998|DSRA_ALLVD:0.20648,(sp|Q57366|DSTOR_RHOSH:0.30813,sp|P55265|DSRAD_HUMAN:0.33132):0.16647):0.05102);
Min_evolution NNIs converged at round 7 -- skipping some rounds
ME_Lengths	(sp|Q59109|DSRA_ARCFU:0.29819,sp|P45574|DSVA_DESVH:0.25824,(sp|O33998|DSRA_ALLVD:0.34191,(sp|Q57366|DSTOR_RHOSH:0.59526,sp|P55265|DSRAD_HUMAN:0.73091):0.52381):0.16131);
Total branch-length 2.910 after 0.02 sec
ML_Lengths1	(sp|Q59109|DSRA_ARCFU:0.37593,sp|P45574|DSVA_DESVH:0.30505,(sp|O33998|DSRA_ALLVD:0.42097,(sp|Q57366|DSTOR_RHOSH:0.72937,sp|P55265|DSRAD_HUMAN:0.99838):0.91276):0.27107);
ML_NNI1	(sp|Q59109|DSRA_ARCFU:0.37492,sp|P45574|DSVA_DESVH:0.30654,(sp|O33998|DSRA_ALLVD:0.38674,(sp|Q57366|DSTOR_RHOSH:0.71131,sp|P55265|DSRAD_HUMAN:1.00606):0.90834):0.28517);
TreeLogLk	ML_NNI1	-8405.8823	MaxChange	0.0000
NCategories	20
Rates 0.069693 0.095529 0.130945 0.179489 0.246030 0.337240 0.462263 0.633636 0.868541 1.190532 1.631893 2.236877 3.066145 4.202843 5.760944 7.896674 10.824173 14.836971 20.337418 27.877018
SiteCategories 9 9 8 11 10 9 10 9 10 12 7 9 9 9 9 9 9 9 9 9 9 9 9 8 10 9 7 9 9 9 9 11 8 7 9 9 8 10 10 9 8 8 9 9 9 9 9 9 9 9 9 9 9 9 9 9 9 9 9 9 9 9 10 7 6 10 10 10 11 9 10 10 8 10 10 10 11 10 10 8 8 8 10 10 9 8 10 10 10 10 10 10 10 10 8 10 10 8 10 8 10 9 9 9 9 9 9 9 9 9 9 8 11 11 8 11 10 12 11 12 9 10 8 11 9 10 9 11 11 10 9 11 11 11 9 11 10 9 9 9 8 10 8 10 10 10 10 10 10 8 11 10 11 10 10 10 8 9 8 11 10 7 7 11 9 11 11 11 11 10 9 9 9 9 9 9 9 9 9 9 9 9 9 9 9 8 10 8 8 10 10 9 9 9 9 9 9 9 8 10 9 8 8 10 11 8 10 10 10 10 8 10 10 10 10 10 11 8 9 9 9 9 8 7 10 9 9 9 9 9 9 9 9 9 10 10 10 10 8 10 8 10 8 9 7 10 6 10 10 11 7 9 9 10 8 9 9 9 9 9 9 9 9 9 9 9 9 9 9 10 9 9 9 9 10 10 10 10 10 8 10 9 10 10 9 10 9 9 10 10 8 9 9 10 9 9 9 8 8 11 9 9 9 9 9 9 9 9 9 8 9 8 10 9 9 9 9 10 10 9 8 10 10 10 9 10 11 10 11 11 11 9 10 11 12 10 9 10 10 9 9 10 12 9 9 9 8 11 11 8 9 9 11 11 8 7 11 8 9 9 9 9 9 9 9 8 10 10 9 11 11 9 9 9 9 9 9 12 9 10 10 8 9 11 8 11 11 10 7 10 9 11 8 10 11 10 10 11 11 10 10 10 9 9 9 11 9 7 10 10 11 10 11 7 10 10 8 9 10 10 10 11 8 10 10 7 9 9 9 9 9 9 9 9 9 9 9 9 9 9 9 9 9 9 9 9 9 9 9 9 9 9 9 9 9 8 11 10 9 6 8 12 10 9 10 10 11 9 10 9 9 8 8 10 9 9 7 10 10 9 10 11 10 11 10 10 11 11 9 9 9 9 8 10 10 9 8 10 9 9 9 9 9 9 9 9 10 10 9 8 9 9 9 9 9 9 9 9 9 9 9 9 9 9 9 9 9 9 9 9 9 9 9 9 9 9 9 9 9 9 9 9 9 9 9 9 9 8 10 10 9 9 10 10 10 10 10 10 10 11 10 10 10 8 10 10 10 10 8 10 8 9 9 9 9 11 9 10 10 11 9 9 9 10 9 9 7 9 9 9 9 9 9 9 9 9 9 9 9 9 9 9 9 9 9 9 9 9 9 9 9 9 9 9 9 9 9 9 9 9 9 9 9 9 9 8 9 7 10 12 7 9 9 7 8 9 10 10 11 10 9 9 9 9 9 8 8 11 10 8 9 9 9 9 9 9 9 9 9 9 9 9 9 9 9 9 9 9 9 9 9 9 10 10 8 10 8 8 9 10 8 10 9 10 10 10 9 8 10 9 9 9 9 9 9 9 9 9 9 9 9 9 10 8 8 8 10 9 9 9 9 9 7 10 9 10 10 10 9 10 9 10 9 10 8 8 10 9 9 8 9 9 9 9 9 10 10 10 8 10 11 8 10 10 10 10 10 11 11 9 8 10 10 10 8 9 9 9 9 8 10 10 10 10 10 10 9 10 9 10 8 11 8 10 9 10 9 10 10 10 9 10 10 10 10 9 8 9 10 10 9 10 9 11 10 10 9 10 9 9 9 9 9 10 7 11 10 8 7 9 9 11 11 9 7 9 9 9 9 9 11 8 9 10 9 9 9 9 9 9 9 9 9 9 9 9 10 10 10 8 10 11 8 10 8 7 9 9 9 9 9 9 9 9 9 9 10 8 9 8 9 10 10 11 11 11 8 10 8 10 9 9 9 9 9 9 9 9 9 9 9 9 9 9 9 9 9 9 9 9 9 9 9 9 9 9 8 8 8 9 8 9 9 9 9 8 8 8 10 9 9 9 9 9 9 9 9 8 11 10 8 11 10 10 8 10 10 11 8 8 10 10 8 10 9 9 9 9 9 9 10 9 9 11 10 10 8 9 10 8 10 10 11 8 11 9 11 10 10 11 10 11 7 10 9 9 9 11 11 7 7 10 11 9 8 10 10 9 11 11 12 7 10 9 9 11 10 10 10 10 9 8 8 8 10 9 10 10 9 9 9 9 9 9 9 9 9 9 9 9 9 9 9 9 9 10 9 8 10 10 9 10 9 9 9 9 9 9 9 10 8 10 8 10 8 9 10 11 10 8 10 11 9 11 10 8 7 9 10 10 10 10 10 9 8 9 11 11 9 11 8 10 8 10 9 8 9 10 10 9 6 10 9 9 9 10 10 7 9 9 9 9 9 9 9 9 8 8 10 10 10 10 10 9 10 10 8 10 10 8 9 9 9 9 9 9 9 8 11 8 10 10 10 9 9 10 9 10 10 10 9 8 9 9 11 9 9 9 10 9 11 9 9 9 9 9 9 9 9 9 9 9 9 8 8 10 11 8 9 10 8 8 10 10 9 11 10 10 10 8 9 9 9 9 9 9 9 10 11 7 8 11 10 9 11 11 10 9 7 9 9 9 9 9 9 9 9 9 9 9 9 9 9 9 9 9 9 9 9 9 9 9 9 9 9 9 9 9 9 9 8 10 9 9 9 9 9 9 9 9 9 9 9 9 8 9 10 10 9 10 10 9 9 10 10 10 9 9 9 9 11 11 7 9 9 10 9 9 10 11 9 10 8 10 10 10 7 10 10 9 10 11 9 10 8 8 10 8 9 9 9 9 9 10 11 7 11 10 11 11 10 10 9 11 10 10 11 10 10 10 10 10 11 10 10 9 12 9 9 11 10 10 11 10 9 10 11 11 10 9 10 9 11 11 10 11 8 12 11 9 10 8 9 11 10 9 8 11 10 11 11 10 10 10 8 10 11 8 10 10 11 10 8 10 9 9 10 11 11 10 8 8 9 9 9 9 9 9 9 9 9 9 9
ML_NNI2	(sp|Q59109|DSRA_ARCFU:0.37492,sp|P45574|DSVA_DESVH:0.30654,(sp|O33998|DSRA_ALLVD:0.38674,(sp|Q57366|DSTOR_RHOSH:0.71131,sp|P55265|DSRAD_HUMAN:1.00606):0.98892):0.27767);
TreeLogLk	ML_NNI2	-8136.4902	MaxChange	0.0000
Turning off heuristics for final round of ML NNIs (converged)
ML_NNI3	(sp|Q59109|DSRA_ARCFU:0.35951,sp|P45574|DSVA_DESVH:0.30357,(sp|O33998|DSRA_ALLVD:0.38907,(sp|Q57366|DSTOR_RHOSH:0.71350,sp|P55265|DSRAD_HUMAN:1.01561):0.98751):0.27657);
TreeLogLk	ML_NNI3	-8136.4202	MaxChange	0.0000
ML_Lengths2	(sp|Q59109|DSRA_ARCFU:0.36065,sp|P45574|DSVA_DESVH:0.30317,(sp|O33998|DSRA_ALLVD:0.38984,(sp|Q57366|DSTOR_RHOSH:0.70397,sp|P55265|DSRAD_HUMAN:1.02251):0.98910):0.27723);
TreeLogLk	ML_Lengths2	-8136.4140
Total time: 0.26 seconds Unique: 5/5 Bad splits: 0/2
Dist/N**2: by-profile 12.360 (out 0.480) by-leaf 1.560 avg-prof 5.160
 Hill-climb: 0 Update-best: 3
NNI: 0 SPR: 0 ML-NNI: 0
Max-lk operations: lk 1477 posterior 242 approximate-posteriors 0.00% star-only 2
TreeCompleted
