Building DAG of jobs...
Using shell: /usr/bin/bash
Provided cores: 1 (use --cores to define parallelism)
Rules claiming more threads will be scaled down.
Job stats:
job      count    min threads    max threads
-----  -------  -------------  -------------
mafft        1              1              1
total        1              1              1

Select jobs to execute...

[Thu Nov 11 14:19:59 2021]
rule mafft:
    input: Data/DsrA.faa
    output: intermediate/DsrA.mafft_aligned.faa
    jobid: 0
    resources: tmpdir=/tmp

[Thu Nov 11 14:20:00 2021]
Finished job 0.
1 of 1 steps (100%) done
Complete log: /home/user/sango/bioinf_manag/data_manag/snakemake_tree/.snakemake/log/2021-11-11T141959.523150.snakemake.log
